<?xml version="1.0" encoding="UTF-8"?>
<!-- Generated by org.testng.reporters.JUnitReportReporter -->
<testsuite hostname="DESKTOP-V5VVE22" failures="0" tests="1" name="sameerakhtar.tests.HillClimbRacingTest" time="68.316" errors="0" timestamp="2025-01-11T01:33:23 IST" skipped="0">
  <testcase classname="sameerakhtar.tests.HillClimbRacingTest" name="HillClimbRacing_LauchGameplay" time="68.316"/>
</testsuite> <!-- sameerakhtar.tests.HillClimbRacingTest -->
