<?xml version="1.0" encoding="UTF-8"?>
<!-- Generated by org.testng.reporters.JUnitReportReporter -->
<testsuite hostname="DESKTOP-V5VVE22" failures="0" tests="1" name="sameerakhtar.tests.HillClimbRacingTest" time="35.246" errors="0" timestamp="2024-11-18T01:04:48 IST" skipped="0">
  <testcase classname="sameerakhtar.tests.HillClimbRacingTest" name="HillClimbRacing_LauchGameplay" time="35.246"/>
</testsuite> <!-- sameerakhtar.tests.HillClimbRacingTest -->
