<?xml version="1.0" encoding="UTF-8"?>
<!-- Generated by org.testng.reporters.JUnitReportReporter -->
<testsuite hostname="DESKTOP-V5VVE22" failures="0" tests="1" name="sameerakhtar.tests.ClashOfClansTest" time="82.734" errors="0" timestamp="2024-12-03T23:42:49 IST" skipped="0">
  <testcase classname="sameerakhtar.tests.ClashOfClansTest" name="ClashOfClans_LauchGameplay" time="82.734"/>
</testsuite> <!-- sameerakhtar.tests.ClashOfClansTest -->
