<?xml version="1.0" encoding="UTF-8"?>
<!-- Generated by org.testng.reporters.JUnitReportReporter -->
<testsuite hostname="DESKTOP-V5VVE22" failures="0" tests="1" name="sameerakhtar.tests.ClashOfClansTest" time="79.458" errors="0" timestamp="2024-11-27T02:21:19 IST" skipped="0">
  <testcase classname="sameerakhtar.tests.ClashOfClansTest" name="ClashOfClans_LauchGameplay" time="79.458"/>
</testsuite> <!-- sameerakhtar.tests.ClashOfClansTest -->
