<?xml version="1.0" encoding="UTF-8"?>
<!-- Generated by org.testng.reporters.JUnitReportReporter -->
<testsuite hostname="DESKTOP-V5VVE22" failures="0" tests="1" name="sameerakhtar.tests.HillClimbRacingTest" time="70.234" errors="0" timestamp="2024-11-22T00:52:04 IST" skipped="0">
  <testcase classname="sameerakhtar.tests.HillClimbRacingTest" name="HillClimbRacing_LauchGameplay" time="70.234"/>
</testsuite> <!-- sameerakhtar.tests.HillClimbRacingTest -->
