<?xml version="1.0" encoding="UTF-8"?>
<!-- Generated by org.testng.reporters.JUnitReportReporter -->
<testsuite hostname="DESKTOP-V5VVE22" failures="0" tests="1" name="sameerakhtar.tests.ClashOfClansTest" time="49.991" errors="0" timestamp="2024-11-20T03:17:37 IST" skipped="0">
  <testcase classname="sameerakhtar.tests.ClashOfClansTest" name="ClashOfClans_LauchGameplay" time="49.991"/>
</testsuite> <!-- sameerakhtar.tests.ClashOfClansTest -->
