<?xml version="1.0" encoding="UTF-8"?>
<!-- Generated by org.testng.reporters.JUnitReportReporter -->
<testsuite hostname="DESKTOP-V5VVE22" failures="0" tests="1" name="sameerakhtar.tests.ClashOfClansTest" time="81.907" errors="0" timestamp="2024-11-29T05:59:23 IST" skipped="0">
  <testcase classname="sameerakhtar.tests.ClashOfClansTest" name="ClashOfClans_LauchGameplay" time="81.907"/>
</testsuite> <!-- sameerakhtar.tests.ClashOfClansTest -->
