<?xml version="1.0" encoding="UTF-8"?>
<!-- Generated by org.testng.reporters.JUnitReportReporter -->
<testsuite hostname="DESKTOP-V5VVE22" failures="0" tests="1" name="sameerakhtar.tests.StandAloneTest" time="12.644" errors="0" timestamp="2024-11-16T02:48:36 IST" skipped="0">
  <testcase classname="sameerakhtar.tests.StandAloneTest" name="appiumTest" time="12.644"/>
</testsuite> <!-- sameerakhtar.tests.StandAloneTest -->
