<?xml version="1.0" encoding="UTF-8"?>
<!-- Generated by org.testng.reporters.JUnitReportReporter -->
<testsuite hostname="DESKTOP-V5VVE22" failures="0" tests="1" name="sameerakhtar.tests.HillClimbRacingTest" time="67.886" errors="0" timestamp="2024-11-29T04:19:03 IST" skipped="0">
  <testcase classname="sameerakhtar.tests.HillClimbRacingTest" name="HillClimbRacing_LauchGameplay" time="67.886"/>
</testsuite> <!-- sameerakhtar.tests.HillClimbRacingTest -->
